2013-10-31 14:28:50 Error: [MissingPluginException] Plugin DebugKit could not be found.
Exception Attributes: array (
  'plugin' => 'DebugKit',
)
Stack Trace:
#0 /home/g031k100/public_html/cake/app/Config/bootstrap.php(110): CakePlugin::load('DebugKit')
#1 /home/g031k100/public_html/cake/lib/Cake/Core/Configure.php(94): include('/home/g031k100/...')
#2 /home/g031k100/public_html/cake/lib/Cake/bootstrap.php(171): Configure::bootstrap(true)
#3 /home/g031k100/public_html/cake/app/webroot/index.php(92): include('/home/g031k100/...')
#4 {main}
2013-10-31 14:37:07 Error: [MissingControllerException] Controller class HelloController could not be found.
Exception Attributes: array (
  'class' => 'HelloController',
  'plugin' => NULL,
)
Request URL: /~g031k100/cake/hello
Stack Trace:
#0 /home/g031k100/public_html/cake/app/webroot/index.php(110): Dispatcher->dispatch(Object(CakeRequest), Object(CakeResponse))
#1 {main}
2013-10-31 14:37:20 Error: [MissingControllerException] Controller class HelloController could not be found.
Exception Attributes: array (
  'class' => 'HelloController',
  'plugin' => NULL,
)
Request URL: /~g031k100/cake/Hello
Stack Trace:
#0 /home/g031k100/public_html/cake/app/webroot/index.php(110): Dispatcher->dispatch(Object(CakeRequest), Object(CakeResponse))
#1 {main}
2013-10-31 14:38:18 Error: [MissingViewException] View file "/home/g031k100/public_html/cake/app/View/hello/index.ctp" is missing.
Exception Attributes: array (
  'file' => '/home/g031k100/public_html/cake/app/View/hello/index.ctp',
)
Request URL: /~g031k100/cake/Hello
Stack Trace:
#0 /home/g031k100/public_html/cake/lib/Cake/View/View.php(468): View->_getViewFileName(NULL)
#1 /home/g031k100/public_html/cake/lib/Cake/Controller/Controller.php(952): View->render(NULL, NULL)
#2 /home/g031k100/public_html/cake/lib/Cake/Routing/Dispatcher.php(194): Controller->render()
#3 /home/g031k100/public_html/cake/lib/Cake/Routing/Dispatcher.php(162): Dispatcher->_invoke(Object(HelloController), Object(CakeRequest), Object(CakeResponse))
#4 /home/g031k100/public_html/cake/app/webroot/index.php(110): Dispatcher->dispatch(Object(CakeRequest), Object(CakeResponse))
#5 {main}
2013-10-31 14:40:35 Error: [MissingViewException] View file "/home/g031k100/public_html/cake/app/View/hello/index.ctp" is missing.
Exception Attributes: array (
  'file' => '/home/g031k100/public_html/cake/app/View/hello/index.ctp',
)
Request URL: /~g031k100/cake/Hello
Stack Trace:
#0 /home/g031k100/public_html/cake/lib/Cake/View/View.php(468): View->_getViewFileName(NULL)
#1 /home/g031k100/public_html/cake/lib/Cake/Controller/Controller.php(952): View->render(NULL, NULL)
#2 /home/g031k100/public_html/cake/lib/Cake/Routing/Dispatcher.php(194): Controller->render()
#3 /home/g031k100/public_html/cake/lib/Cake/Routing/Dispatcher.php(162): Dispatcher->_invoke(Object(HelloController), Object(CakeRequest), Object(CakeResponse))
#4 /home/g031k100/public_html/cake/app/webroot/index.php(110): Dispatcher->dispatch(Object(CakeRequest), Object(CakeResponse))
#5 {main}
2013-10-31 14:41:53 Error: [MissingViewException] View file "/home/g031k100/public_html/cake/app/View/hello/index.ctp" is missing.
Exception Attributes: array (
  'file' => '/home/g031k100/public_html/cake/app/View/hello/index.ctp',
)
Request URL: /~g031k100/cake/hello
Stack Trace:
#0 /home/g031k100/public_html/cake/lib/Cake/View/View.php(468): View->_getViewFileName(NULL)
#1 /home/g031k100/public_html/cake/lib/Cake/Controller/Controller.php(952): View->render(NULL, NULL)
#2 /home/g031k100/public_html/cake/lib/Cake/Routing/Dispatcher.php(194): Controller->render()
#3 /home/g031k100/public_html/cake/lib/Cake/Routing/Dispatcher.php(162): Dispatcher->_invoke(Object(HelloController), Object(CakeRequest), Object(CakeResponse))
#4 /home/g031k100/public_html/cake/app/webroot/index.php(110): Dispatcher->dispatch(Object(CakeRequest), Object(CakeResponse))
#5 {main}
2013-10-31 14:42:06 Error: [MissingViewException] View file "/home/g031k100/public_html/cake/app/View/hello/index.ctp" is missing.
Exception Attributes: array (
  'file' => '/home/g031k100/public_html/cake/app/View/hello/index.ctp',
)
Request URL: /~g031k100/cake/hello/
Stack Trace:
#0 /home/g031k100/public_html/cake/lib/Cake/View/View.php(468): View->_getViewFileName(NULL)
#1 /home/g031k100/public_html/cake/lib/Cake/Controller/Controller.php(952): View->render(NULL, NULL)
#2 /home/g031k100/public_html/cake/lib/Cake/Routing/Dispatcher.php(194): Controller->render()
#3 /home/g031k100/public_html/cake/lib/Cake/Routing/Dispatcher.php(162): Dispatcher->_invoke(Object(HelloController), Object(CakeRequest), Object(CakeResponse))
#4 /home/g031k100/public_html/cake/app/webroot/index.php(110): Dispatcher->dispatch(Object(CakeRequest), Object(CakeResponse))
#5 {main}
